<?xml version="1.0" encoding="UTF-8"?>
<testsuite name="app.UnitTest" tests="1" skipped="0" failures="0" errors="0" timestamp="2020-09-12T00:50:59" hostname="haibian" time="0.077">
  <properties/>
  <testcase name="welcome()" classname="app.UnitTest" time="0.077"/>
  <system-out><![CDATA[]]></system-out>
  <system-err><![CDATA[]]></system-err>
</testsuite>
